2021-08-05 13:54:19,854 - instabot version: 0.117.0 (bot) - INFO - Instabot version: 0.117.0 Started
2021-08-05 13:54:19,854 - instabot version: 0.117.0 (bot) - DEBUG - Bot imported from C:\Users\reuve\PycharmProjects\venv\lib\site-packages\instabot\bot\bot.py
2021-08-05 13:54:19,855 - instabot version: 0.117.0 (api_login) - INFO - Not yet logged in starting: PRE-LOGIN FLOW!
2021-08-05 13:54:20,696 - instabot version: 0.117.0 (api) - DEBUG - POST to endpoint: accounts/get_prefill_candidates/ returned response: <Response [200]>
2021-08-05 13:54:21,083 - instabot version: 0.117.0 (api) - DEBUG - POST to endpoint: qe/sync/ returned response: <Response [200]>
2021-08-05 13:54:21,603 - instabot version: 0.117.0 (api) - DEBUG - POST to endpoint: launcher/sync/ returned response: <Response [200]>
2021-08-05 13:54:22,104 - instabot version: 0.117.0 (api) - DEBUG - POST to endpoint: accounts/contact_point_prefill/ returned response: <Response [200]>
2021-08-05 13:54:24,809 - instabot version: 0.117.0 (api) - DEBUG - POST to endpoint: accounts/login/ returned response: <Response [200]>
2021-08-05 13:54:24,809 - instabot version: 0.117.0 (api) - INFO - Logged-in successfully as 'nisui_hevrati'!
2021-08-05 13:54:24,809 - instabot version: 0.117.0 (api_login) - INFO - LOGIN FLOW! Just logged-in: True
2021-08-05 13:54:25,399 - instabot version: 0.117.0 (api) - DEBUG - POST to endpoint: qe/sync/ returned response: <Response [200]>
2021-08-05 13:54:26,490 - instabot version: 0.117.0 (api) - DEBUG - POST to endpoint: launcher/sync/ returned response: <Response [200]>
2021-08-05 13:54:27,040 - instabot version: 0.117.0 (api) - DEBUG - GET to endpoint: zr/token/result/?device_id=android-f949e23fa0274f8f&token_hash=&custom_device_id=android-f949e23fa0274f8f&fetch_reason=token_expired returned response: <Response [200]>
2021-08-05 13:54:27,621 - instabot version: 0.117.0 (api) - DEBUG - GET to endpoint: multiple_accounts/get_account_family/ returned response: <Response [200]>
2021-08-05 13:54:28,077 - instabot version: 0.117.0 (api) - DEBUG - POST to endpoint: qe/sync/ returned response: <Response [200]>
2021-08-05 13:54:28,801 - instabot version: 0.117.0 (api) - DEBUG - GET to endpoint: igtv/browse_feed/?prefetch=1 returned response: <Response [200]>
2021-08-05 13:54:29,401 - instabot version: 0.117.0 (api) - DEBUG - POST to endpoint: creatives/ar_class/ returned response: <Response [200]>
2021-08-05 13:54:30,656 - instabot version: 0.117.0 (api) - DEBUG - POST to endpoint: feed/reels_tray/ returned response: <Response [200]>
2021-08-05 13:54:32,749 - instabot version: 0.117.0 (api) - DEBUG - POST to endpoint: feed/timeline/ returned response: <Response [200]>
2021-08-05 13:54:33,257 - instabot version: 0.117.0 (api) - DEBUG - GET to endpoint: media/blocked/ returned response: <Response [200]>
2021-08-05 13:54:34,243 - instabot version: 0.117.0 (api) - DEBUG - GET to endpoint: news/inbox/ returned response: <Response [200]>
2021-08-05 13:54:34,877 - instabot version: 0.117.0 (api) - DEBUG - GET to endpoint: loom/fetch_config/ returned response: <Response [200]>
2021-08-05 13:54:36,054 - instabot version: 0.117.0 (api) - DEBUG - GET to endpoint: scores/bootstrap/users/?surfaces=["autocomplete_user_list","coefficient_besties_list_ranking","coefficient_rank_recipient_user_suggestion","coefficient_ios_section_test_bootstrap_ranking","coefficient_direct_recipients_ranking_variant_2"] returned response: <Response [200]>
2021-08-05 13:54:36,551 - instabot version: 0.117.0 (api) - DEBUG - GET to endpoint: business/eligibility/get_monetization_products_eligibility_data/?product_types=branded_content returned response: <Response [200]>
2021-08-05 13:54:37,125 - instabot version: 0.117.0 (api) - DEBUG - GET to endpoint: business/branded_content/should_require_professional_account/ returned response: <Response [200]>
2021-08-05 13:54:37,718 - instabot version: 0.117.0 (api) - DEBUG - GET to endpoint: linked_accounts/get_linkage_status/ returned response: <Response [200]>
2021-08-05 13:54:38,315 - instabot version: 0.117.0 (api) - DEBUG - GET to endpoint: locations/request_country/ returned response: <Response [200]>
2021-08-05 13:54:38,884 - instabot version: 0.117.0 (api) - DEBUG - GET to endpoint: qp/get_cooldowns/?signed_body=signed_body=4b9c516a5410a3bc128e09c6104a7f042146b9c2023870560c63a43a7f66781c.4&ig_sig_key_version=4&ig_sig_key_version=4 returned response: <Response [200]>
2021-08-05 13:54:39,427 - instabot version: 0.117.0 (api) - DEBUG - GET to endpoint: users/arlink_download_info/?version_override=2.2.1 returned response: <Response [200]>
2021-08-05 13:54:40,823 - instabot version: 0.117.0 (api) - DEBUG - GET to endpoint: users/48431086937/info/ returned response: <Response [200]>
2021-08-05 13:54:41,446 - instabot version: 0.117.0 (api) - DEBUG - GET to endpoint: direct_v2/get_presence/ returned response: <Response [200]>
2021-08-05 13:54:42,178 - instabot version: 0.117.0 (api) - DEBUG - GET to endpoint: direct_v2/inbox/?visual_message_return_type=unseen&thread_message_limit=10&persistentBadging=true&limit=20 returned response: <Response [200]>
2021-08-05 13:54:42,766 - instabot version: 0.117.0 (api) - DEBUG - GET to endpoint: direct_v2/inbox/?visual_message_return_type=unseen&persistentBadging=true&limit=0 returned response: <Response [200]>
2021-08-05 13:54:49,131 - instabot version: 0.117.0 (api) - DEBUG - GET to endpoint: discover/topical_explore/?is_prefetch=true&omit_cover_media=true&use_sectional_payload=true&timezone_offset=0&session_id=2be06a8e-aa10-4209-b7c8-dab0cab5626f&include_fixed_destinations=true returned response: <Response [200]>
2021-08-05 13:54:49,771 - instabot version: 0.117.0 (api) - DEBUG - POST to endpoint: notifications/badge/ returned response: <Response [200]>
2021-08-05 13:54:50,558 - instabot version: 0.117.0 (api) - DEBUG - POST to endpoint: qp/batch_fetch/ returned response: <Response [200]>
2021-08-05 13:54:50,559 - instabot version: 0.117.0 (bot_checkpoint) - DEBUG - Loading Checkpoint file from: C:\Users\reuve\PycharmProjects\InstagramBot/config/nisui_hevrati.checkpoint
2021-08-05 13:54:51,431 - instabot version: 0.117.0 (api) - DEBUG - GET to endpoint: users/nisui_hevrati/usernameinfo/ returned response: <Response [200]>
2021-08-05 13:54:53,160 - instabot version: 0.117.0 (api) - DEBUG - GET to endpoint: users/48431086937/info/ returned response: <Response [200]>
2021-08-05 13:54:54,281 - instabot version: 0.117.0 (api) - DEBUG - GET to endpoint: friendships/48431086937/following/?max_id=&ig_sig_key_version=4&rank_token=48431086937_cee186d7-a70c-4f16-92ce-a40d4a5e679f returned response: <Response [200]>
2021-08-05 13:54:54,883 - instabot version: 0.117.0 (api) - DEBUG - GET to endpoint: users/daniel_macholsky/usernameinfo/ returned response: <Response [200]>
2021-08-05 13:54:56,339 - instabot version: 0.117.0 (api) - DEBUG - GET to endpoint: feed/user/3966160376/?max_id=&min_timestamp=None&rank_token=48431086937_cee186d7-a70c-4f16-92ce-a40d4a5e679f&ranked_content=true returned response: <Response [200]>
2021-08-05 13:54:56,341 - instabot version: 0.117.0 (bot_filter) - INFO - Received 18 medias.
2021-08-05 13:54:56,341 - instabot version: 0.117.0 (bot_filter) - INFO - After filtration 17 medias left.
2021-08-05 13:54:57,080 - instabot version: 0.117.0 (api) - DEBUG - GET to endpoint: media/2632751947257701003_3966160376/likers/? returned response: <Response [200]>
2021-08-05 13:54:57,875 - instabot version: 0.117.0 (api) - DEBUG - GET to endpoint: users/7818702924/info/ returned response: <Response [200]>
2021-08-05 13:54:57,875 - instabot version: 0.117.0 (bot_follow) - INFO - Going to follow `user_id` 7818702924.
2021-08-05 13:54:57,876 - instabot version: 0.117.0 (api) - DEBUG - post data: {"user_id": "7818702924", "radio_type": "wifi-none", "device_id": "android-f949e23fa0274f8f", "_uuid": "cee186d7-a70c-4f16-92ce-a40d4a5e679f", "_uid": "48431086937", "_csrftoken": "QGRNAjKCQmMAI4rxdw6iLNBTSOSMdcof"}
2021-08-05 13:54:58,858 - instabot version: 0.117.0 (api) - DEBUG - POST to endpoint: friendships/create/7818702924/ returned response: <Response [200]>
2021-08-05 13:54:58,858 - instabot version: 0.117.0 (bot_follow) - INFO - Followed `user_id` 7818702924.
2021-08-05 13:54:59,909 - instabot version: 0.117.0 (api) - DEBUG - GET to endpoint: users/48431086937/info/ returned response: <Response [200]>
2021-08-05 13:55:01,138 - instabot version: 0.117.0 (api) - DEBUG - GET to endpoint: friendships/48431086937/following/?max_id=&ig_sig_key_version=4&rank_token=48431086937_cee186d7-a70c-4f16-92ce-a40d4a5e679f returned response: <Response [200]>
2021-08-05 13:56:13,958 - instabot version: 0.117.0 (api) - DEBUG - GET to endpoint: users/3908307159/info/ returned response: <Response [200]>
2021-08-05 13:56:13,958 - instabot version: 0.117.0 (bot_follow) - INFO - Going to follow `user_id` 3908307159.
2021-08-05 13:56:13,959 - instabot version: 0.117.0 (api) - DEBUG - post data: {"user_id": "3908307159", "radio_type": "wifi-none", "device_id": "android-f949e23fa0274f8f", "_uuid": "cee186d7-a70c-4f16-92ce-a40d4a5e679f", "_uid": "48431086937", "_csrftoken": "QGRNAjKCQmMAI4rxdw6iLNBTSOSMdcof"}
2021-08-05 13:56:14,909 - instabot version: 0.117.0 (api) - DEBUG - POST to endpoint: friendships/create/3908307159/ returned response: <Response [400]>
2021-08-05 13:56:14,909 - instabot version: 0.117.0 (api) - DEBUG - Responsecode indicates error; response content: b'{"message":"feedback_required","spam":true,"feedback_title":"Try Again Later","feedback_message":"We restrict certain activity to protect our community.","feedback_url":"repute/report_problem/instagram_follow_users/?violation_type\\u0026responsible_policy=Ig.Policy.Engagement.Policies.ManySessionFollowRestriction","feedback_appeal_label":"Tell us","feedback_ignore_label":"OK","feedback_action":"report_problem","category":"instagram_follow_users","status":"fail"}'
2021-08-05 13:56:14,910 - instabot version: 0.117.0 (api) - ERROR - Request returns 400 error!
2021-08-05 13:56:14,910 - instabot version: 0.117.0 (api) - ERROR - ATTENTION!: `feedback_required`b'We restrict certain activity to protect our community.'
2021-08-05 13:56:14,910 - instabot version: 0.117.0 (bot_follow) - ERROR - `Follow` action has been BLOCKED...!!!
2021-08-05 13:56:14,910 - instabot version: 0.117.0 (bot_follow) - INFO - `Follow` action is going to sleep                         for 5 seconds.
2021-08-05 13:57:20,443 - instabot version: 0.117.0 (api) - DEBUG - GET to endpoint: users/21711632458/info/ returned response: <Response [400]>
2021-08-05 13:57:20,443 - instabot version: 0.117.0 (api) - DEBUG - Responsecode indicates error; response content: b'{"message":"challenge_required","challenge":{"url":"https://i.instagram.com/challenge/?challenge_node_id=17854186163614938","api_path":"/challenge/?challenge_node_id=17854186163614938","hide_webview_header":true,"lock":true,"logout":false,"native_flow":true,"flow_render_type":0},"status":"fail"}'
2021-08-05 13:57:20,443 - instabot version: 0.117.0 (api) - ERROR - Request returns 400 error!
2021-08-05 13:57:20,444 - instabot version: 0.117.0 (api) - INFO - Instagram's error message: challenge_required
2021-08-05 13:57:20,444 - instabot version: 0.117.0 (api) - INFO - Instagram's error message: {}
2021-08-05 13:57:22,595 - instabot version: 0.117.0 (bot_checkpoint) - DEBUG - Saving Checkpoint file to: C:\Users\reuve\PycharmProjects\InstagramBot/config/nisui_hevrati.checkpoint
2021-08-05 13:57:22,596 - instabot version: 0.117.0 (bot) - INFO - Total follows: 1/10000
2021-08-05 13:57:22,596 - instabot version: 0.117.0 (bot) - INFO - Total requests: 44
